


ARM Macro Assembler    Page 1 


    1 00000000         ;*******************************************************
                       **************************
    2 00000000         ;
    3 00000000         ; @file    startup_es32f0283.s
    4 00000000         ; @brief   ES32F0283 Device Startup File
    5 00000000         ;
    6 00000000         ; @date    24 Feb 2021
    7 00000000         ; @author  AE Team
    8 00000000         ; @note
    9 00000000         ;          Change Logs:
   10 00000000         ;          Date            Author          Notes
   11 00000000         ;          24 Feb 2021     AE Team          the first ve
                       rsion
   12 00000000         ;
   13 00000000         ; Copyright (C) Shanghai Eastsoft Microelectronics Co. L
                       td. All rights reserved.
   14 00000000         ;
   15 00000000         ; SPDX-License-Identifier: Apache-2.0
   16 00000000         ;
   17 00000000         ; Licensed under the Apache License, Version 2.0 (the Li
                       cense); you may
   18 00000000         ; not use this file except in compliance with the Licens
                       e.
   19 00000000         ; You may obtain a copy of the License at
   20 00000000         ;
   21 00000000         ; www.apache.org/licenses/LICENSE-2.0
   22 00000000         ;
   23 00000000         ; Unless required by applicable law or agreed to in writ
                       ing, software
   24 00000000         ; distributed under the License is distributed on an AS 
                       IS BASIS, WITHOUT
   25 00000000         ; WARRANTIES OR CONDITIONS OF ANY KIND, either express o
                       r implied.
   26 00000000         ; See the License for the specific language governing pe
                       rmissions and
   27 00000000         ; limitations under the License.
   28 00000000         ;
   29 00000000         ;*******************************************************
                       **************************
   30 00000000         
   31 00000000         ; <h> Stack Configuration
   32 00000000         ;   <o> Stack Size (in Bytes) <0x0-0xFFFFFFFF:8>
   33 00000000         ; </h>
   34 00000000         
   35 00000000 00000400 
                       Stack_Size
                               EQU              0x00000400
   36 00000000         
   37 00000000                 AREA             STACK, NOINIT, READWRITE, ALIGN
=3
   38 00000000         Stack_Mem
                               SPACE            Stack_Size
   39 00000400         __initial_sp
   40 00000400         
   41 00000400         
   42 00000400         ; <h> Heap Configuration
   43 00000400         ;   <o>  Heap Size (in Bytes) <0x0-0xFFFFFFFF:8>
   44 00000400         ; </h>
   45 00000400         



ARM Macro Assembler    Page 2 


   46 00000400 00000000 
                       Heap_Size
                               EQU              0x00000000
   47 00000400         
   48 00000400                 AREA             HEAP, NOINIT, READWRITE, ALIGN=
3
   49 00000000         __heap_base
   50 00000000         Heap_Mem
                               SPACE            Heap_Size
   51 00000000         __heap_limit
   52 00000000         
   53 00000000         
   54 00000000                 PRESERVE8
   55 00000000                 THUMB
   56 00000000         
   57 00000000         
   58 00000000         ; Vector Table Mapped to Address 0 at Reset
   59 00000000         
   60 00000000                 AREA             RESET, DATA, READONLY
   61 00000000                 EXPORT           __Vectors
   62 00000000         
   63 00000000 00000000 
                       __Vectors
                               DCD              __initial_sp ; Top of Stack
   64 00000004         ; External Interrupts
   65 00000004 00000000        DCD              Reset_Handler ;1, Reset Handler
                                                            
   66 00000008 00000000        DCD              NMI_Handler ;2, NMI Handler
   67 0000000C 00000000        DCD              HARDFAULT_Handler ;3, HARDFAULT
                                                             Handler
   68 00000010 00000000        DCD              0           ;4, Reserved
   69 00000014 00000000        DCD              0           ;5, Reserved
   70 00000018 00000000        DCD              0           ;6, Reserved
   71 0000001C 00000000        DCD              0           ;7, Reserved
   72 00000020 00000000        DCD              0           ;8, Reserved
   73 00000024 00000000        DCD              0           ;9, Reserved
   74 00000028 00000000        DCD              0           ;10, Reserved
   75 0000002C 00000000        DCD              SVC_Handler ;11, SVC Handler
   76 00000030 00000000        DCD              0           ;12, Reserved
   77 00000034 00000000        DCD              0           ;13, Reserved
   78 00000038 00000000        DCD              PENDSV_Handler 
                                                            ;14, PENDSV Handler
                                                            
   79 0000003C 00000000        DCD              SYSTICK_Handler ;15, SYSTICK Ha
                                                            ndler
   80 00000040 00000000        DCD              WWDT_IRQHandler ;16, WWDT IRQHa
                                                            ndler
   81 00000044 00000000        DCD              PVD_IRQHandler 
                                                            ;17, PVD IRQHandler
                                                            
   82 00000048 00000000        DCD              RTC_IRQHandler 
                                                            ;18, RTC IRQHandler
                                                            
   83 0000004C 00000000        DCD              WAKEUP_IRQHandler ;19, WAKEUP I
                                                            RQHandler
   84 00000050 00000000        DCD              RCU_CSU_IRQHandler ;20, RCU_CSU
                                                             IRQHandler
   85 00000054 00000000        DCD              EXTI_0to1_IRQHandler ;21, EXTI_
                                                            0to1 IRQHandler



ARM Macro Assembler    Page 3 


   86 00000058 00000000        DCD              EXTI_2to3_IRQHandler ;22, EXTI_
                                                            2to3 IRQHandler
   87 0000005C 00000000        DCD              EXTI_4to15_IRQHandler ;23, EXTI
                                                            _4to15 IRQHandler
   88 00000060 00000000        DCD              SPI3_IRQHandler ;24, SPI3 IRQHa
                                                            ndler
   89 00000064 00000000        DCD              DMA1_CH0_IRQHandler ;25, DMA1_C
                                                            H0 IRQHandler
   90 00000068 00000000        DCD              DMA1_CH12_IRQHandler ;26, DMA1_
                                                            CH12 IRQHandler
   91 0000006C 00000000        DCD              DMA1_CH345_IRQHandler ;27, DMA1
                                                            _CH345 IRQHandler
   92 00000070 00000000        DCD              ADC_COMP_IRQHandler ;28, ADC_CO
                                                            MP IRQHandler
   93 00000074 00000000        DCD              AD16C4T1_IRQHandler ;29, AD16C4
                                                            T1 IRQHandler
   94 00000078 00000000        DCD              BS16T1_IRQHandler ;30, BS16T1 I
                                                            RQHandler
   95 0000007C 00000000        DCD              GP32C4T1_IRQHandler ;31, GP32C4
                                                            T1 IRQHandler
   96 00000080 00000000        DCD              GP16C4T1_IRQHandler ;32, GP16C4
                                                            T1 IRQHandler
   97 00000084 00000000        DCD              GP16C4T2_IRQHandler ;33, GP16C4
                                                            T2 IRQHandler
   98 00000088 00000000        DCD              GP16C4T3_IRQHandler ;34, GP16C4
                                                            T3 IRQHandler
   99 0000008C 00000000        DCD              GP16C2T1_IRQHandler ;35, GP16C2
                                                            T1 IRQHandler
  100 00000090 00000000        DCD              GP16C2T2_IRQHandler ;36, GP16C2
                                                            T2 IRQHandler
  101 00000094 00000000        DCD              GP16C2T3_IRQHandler ;37, GP16C2
                                                            T3 IRQHandler
  102 00000098 00000000        DCD              GP16C2T4_IRQHandler ;38, GP16C2
                                                            T4 IRQHandler
  103 0000009C 00000000        DCD              I2C1_IRQHandler ;39, I2C1 IRQHa
                                                            ndler
  104 000000A0 00000000        DCD              I2C2_IRQHandler ;40, I2C2 IRQHa
                                                            ndler
  105 000000A4 00000000        DCD              SPI1_IRQHandler ;41, SPI1 IRQHa
                                                            ndler
  106 000000A8 00000000        DCD              SPI2_IRQHandler ;42, SPI2 IRQHa
                                                            ndler
  107 000000AC 00000000        DCD              UART1_IRQHandler ;43, UART1 IRQ
                                                            Handler
  108 000000B0 00000000        DCD              UART2_IRQHandler ;44, UART2 IRQ
                                                            Handler
  109 000000B4 00000000        DCD              UART3_AES_IRQHandler ;45, UART3
                                                            _AES IRQHandler
  110 000000B8 00000000        DCD              UART4_KBCU_IRQHandler ;46, UART
                                                            4_KBCU IRQHandler
  111 000000BC 00000000        DCD              USB_IRQHandler 
                                                            ;47, USB IRQHandler
                                                            
  112 000000C0         
  113 000000C0         
  114 000000C0                 AREA             |.text|, CODE, READONLY
  115 00000000         
  116 00000000         
  117 00000000         ; Reset Handler



ARM Macro Assembler    Page 4 


  118 00000000         
  119 00000000         Reset_Handler
                               PROC
  120 00000000                 EXPORT           Reset_Handler             [WEAK
]
  121 00000000                 IMPORT           __main
  122 00000000                 IMPORT           SystemInit
  123 00000000 4807            LDR              R0, =SystemInit
  124 00000002 4780            BLX              R0
  125 00000004 4807            LDR              R0, =__main
  126 00000006 4700            BX               R0
  127 00000008                 ENDP
  128 00000008         
  129 00000008         ; Dummy Exception IRQHandlers (infinite loops which can 
                       be modified)
  130 00000008         
  131 00000008         NMI_Handler
                               PROC
  132 00000008                 EXPORT           NMI_Handler            [WEAK]
  133 00000008 E7FE            B                .
  134 0000000A                 ENDP
  135 0000000A         HARDFAULT_Handler
                               PROC
  136 0000000A                 EXPORT           HARDFAULT_Handler            [W
EAK]
  137 0000000A E7FE            B                .
  138 0000000C                 ENDP
  139 0000000C         
  140 0000000C         
  141 0000000C         SVC_Handler
                               PROC
  142 0000000C                 EXPORT           SVC_Handler          [WEAK]
  143 0000000C E7FE            B                .
  144 0000000E                 ENDP
  145 0000000E         
  146 0000000E         PENDSV_Handler
                               PROC
  147 0000000E                 EXPORT           PENDSV_Handler       [WEAK]
  148 0000000E E7FE            B                .
  149 00000010                 ENDP
  150 00000010         SYSTICK_Handler
                               PROC
  151 00000010                 EXPORT           SYSTICK_Handler      [WEAK]
  152 00000010 E7FE            B                .
  153 00000012                 ENDP
  154 00000012         
  155 00000012         Default_Handler
                               PROC
  156 00000012         
  157 00000012         
  158 00000012         
  159 00000012                 EXPORT           WWDT_IRQHandler         [WEAK]
  160 00000012                 EXPORT           PVD_IRQHandler          [WEAK]
  161 00000012                 EXPORT           RTC_IRQHandler          [WEAK]
  162 00000012                 EXPORT           WAKEUP_IRQHandler       [WEAK]
  163 00000012                 EXPORT           RCU_CSU_IRQHandler      [WEAK]
  164 00000012                 EXPORT           EXTI_0to1_IRQHandler    [WEAK]
  165 00000012                 EXPORT           EXTI_2to3_IRQHandler    [WEAK]
  166 00000012                 EXPORT           EXTI_4to15_IRQHandler   [WEAK]



ARM Macro Assembler    Page 5 


  167 00000012                 EXPORT           SPI3_IRQHandler         [WEAK]
  168 00000012                 EXPORT           DMA1_CH0_IRQHandler     [WEAK]
  169 00000012                 EXPORT           DMA1_CH12_IRQHandler    [WEAK]
  170 00000012                 EXPORT           DMA1_CH345_IRQHandler   [WEAK]
  171 00000012                 EXPORT           ADC_COMP_IRQHandler     [WEAK]
  172 00000012                 EXPORT           AD16C4T1_IRQHandler     [WEAK]
  173 00000012                 EXPORT           BS16T1_IRQHandler       [WEAK]
  174 00000012                 EXPORT           GP32C4T1_IRQHandler     [WEAK]
  175 00000012                 EXPORT           GP16C4T1_IRQHandler     [WEAK]
  176 00000012                 EXPORT           GP16C4T2_IRQHandler     [WEAK]
  177 00000012                 EXPORT           GP16C4T3_IRQHandler     [WEAK]
  178 00000012                 EXPORT           GP16C2T1_IRQHandler     [WEAK]
  179 00000012                 EXPORT           GP16C2T2_IRQHandler     [WEAK]
  180 00000012                 EXPORT           GP16C2T3_IRQHandler     [WEAK]
  181 00000012                 EXPORT           GP16C2T4_IRQHandler     [WEAK]
  182 00000012                 EXPORT           I2C1_IRQHandler         [WEAK]
  183 00000012                 EXPORT           I2C2_IRQHandler         [WEAK]
  184 00000012                 EXPORT           SPI1_IRQHandler         [WEAK]
  185 00000012                 EXPORT           SPI2_IRQHandler         [WEAK]
  186 00000012                 EXPORT           UART1_IRQHandler        [WEAK]
  187 00000012                 EXPORT           UART2_IRQHandler        [WEAK]
  188 00000012                 EXPORT           UART3_AES_IRQHandler    [WEAK]
  189 00000012                 EXPORT           UART4_KBCU_IRQHandler   [WEAK]
  190 00000012                 EXPORT           USB_IRQHandler          [WEAK]
  191 00000012         
  192 00000012         
  193 00000012         
  194 00000012         WWDT_IRQHandler
  195 00000012         PVD_IRQHandler
  196 00000012         RTC_IRQHandler
  197 00000012         WAKEUP_IRQHandler
  198 00000012         RCU_CSU_IRQHandler
  199 00000012         EXTI_0to1_IRQHandler
  200 00000012         EXTI_2to3_IRQHandler
  201 00000012         EXTI_4to15_IRQHandler
  202 00000012         SPI3_IRQHandler
  203 00000012         DMA1_CH0_IRQHandler
  204 00000012         DMA1_CH12_IRQHandler
  205 00000012         DMA1_CH345_IRQHandler
  206 00000012         ADC_COMP_IRQHandler
  207 00000012         AD16C4T1_IRQHandler
  208 00000012         BS16T1_IRQHandler
  209 00000012         GP32C4T1_IRQHandler
  210 00000012         GP16C4T1_IRQHandler
  211 00000012         GP16C4T2_IRQHandler
  212 00000012         GP16C4T3_IRQHandler
  213 00000012         GP16C2T1_IRQHandler
  214 00000012         GP16C2T2_IRQHandler
  215 00000012         GP16C2T3_IRQHandler
  216 00000012         GP16C2T4_IRQHandler
  217 00000012         I2C1_IRQHandler
  218 00000012         I2C2_IRQHandler
  219 00000012         SPI1_IRQHandler
  220 00000012         SPI2_IRQHandler
  221 00000012         UART1_IRQHandler
  222 00000012         UART2_IRQHandler
  223 00000012         UART3_AES_IRQHandler
  224 00000012         UART4_KBCU_IRQHandler
  225 00000012         USB_IRQHandler



ARM Macro Assembler    Page 6 


  226 00000012         
  227 00000012 E7FE            B                .
  228 00000014         
  229 00000014                 ENDP
  230 00000014         
  231 00000014                 ALIGN
  232 00000014         
  233 00000014         ; User Initial Stack & Heap
  234 00000014         
  235 00000014                 IF               :DEF:__MICROLIB
  242 00000014         
  243 00000014                 IMPORT           __use_two_region_memory
  244 00000014                 EXPORT           __user_initial_stackheap
  245 00000014         
  246 00000014         __user_initial_stackheap
  247 00000014         
  248 00000014 4804            LDR              R0, =  Heap_Mem
  249 00000016 4905            LDR              R1, =(Stack_Mem + Stack_Size)
  250 00000018 4A03            LDR              R2, = (Heap_Mem +  Heap_Size)
  251 0000001A 4B05            LDR              R3, = Stack_Mem
  252 0000001C 4770            BX               LR
  253 0000001E         
  254 0000001E 00 00           ALIGN
  255 00000020         
  256 00000020                 ENDIF
  257 00000020         
  258 00000020                 END
              00000000 
              00000000 
              00000000 
              00000400 
              00000000 
Command Line: --debug --xref --diag_suppress=9931 --cpu=Cortex-M0 --apcs=interw
ork --depend=.\objects\startup_es32f0283.d -o.\objects\startup_es32f0283.o -I.\
RTE\_Target_1 -IC:\Users\ZHOU\AppData\Local\Arm\Packs\ARM\CMSIS\5.9.0\CMSIS\Cor
e\Include --predefine="__UVISION_VERSION SETA 537" --predefine="_RTE_ SETA 1" -
-predefine="_RTE_ SETA 1" --list=.\listings\startup_es32f0283.lst _0sys\startup
_es32f0283.s



ARM Macro Assembler    Page 1 Alphabetic symbol ordering
Relocatable symbols

STACK 00000000

Symbol: STACK
   Definitions
      At line 37 in file _0sys\startup_es32f0283.s
   Uses
      None
Comment: STACK unused
Stack_Mem 00000000

Symbol: Stack_Mem
   Definitions
      At line 38 in file _0sys\startup_es32f0283.s
   Uses
      At line 249 in file _0sys\startup_es32f0283.s
      At line 251 in file _0sys\startup_es32f0283.s

__initial_sp 00000400

Symbol: __initial_sp
   Definitions
      At line 39 in file _0sys\startup_es32f0283.s
   Uses
      At line 63 in file _0sys\startup_es32f0283.s
Comment: __initial_sp used once
3 symbols



ARM Macro Assembler    Page 1 Alphabetic symbol ordering
Relocatable symbols

HEAP 00000000

Symbol: HEAP
   Definitions
      At line 48 in file _0sys\startup_es32f0283.s
   Uses
      None
Comment: HEAP unused
Heap_Mem 00000000

Symbol: Heap_Mem
   Definitions
      At line 50 in file _0sys\startup_es32f0283.s
   Uses
      At line 248 in file _0sys\startup_es32f0283.s
      At line 250 in file _0sys\startup_es32f0283.s

__heap_base 00000000

Symbol: __heap_base
   Definitions
      At line 49 in file _0sys\startup_es32f0283.s
   Uses
      None
Comment: __heap_base unused
__heap_limit 00000000

Symbol: __heap_limit
   Definitions
      At line 51 in file _0sys\startup_es32f0283.s
   Uses
      None
Comment: __heap_limit unused
4 symbols



ARM Macro Assembler    Page 1 Alphabetic symbol ordering
Relocatable symbols

RESET 00000000

Symbol: RESET
   Definitions
      At line 60 in file _0sys\startup_es32f0283.s
   Uses
      None
Comment: RESET unused
__Vectors 00000000

Symbol: __Vectors
   Definitions
      At line 63 in file _0sys\startup_es32f0283.s
   Uses
      At line 61 in file _0sys\startup_es32f0283.s
Comment: __Vectors used once
2 symbols



ARM Macro Assembler    Page 1 Alphabetic symbol ordering
Relocatable symbols

.text 00000000

Symbol: .text
   Definitions
      At line 114 in file _0sys\startup_es32f0283.s
   Uses
      None
Comment: .text unused
AD16C4T1_IRQHandler 00000012

Symbol: AD16C4T1_IRQHandler
   Definitions
      At line 207 in file _0sys\startup_es32f0283.s
   Uses
      At line 93 in file _0sys\startup_es32f0283.s
      At line 172 in file _0sys\startup_es32f0283.s

ADC_COMP_IRQHandler 00000012

Symbol: ADC_COMP_IRQHandler
   Definitions
      At line 206 in file _0sys\startup_es32f0283.s
   Uses
      At line 92 in file _0sys\startup_es32f0283.s
      At line 171 in file _0sys\startup_es32f0283.s

BS16T1_IRQHandler 00000012

Symbol: BS16T1_IRQHandler
   Definitions
      At line 208 in file _0sys\startup_es32f0283.s
   Uses
      At line 94 in file _0sys\startup_es32f0283.s
      At line 173 in file _0sys\startup_es32f0283.s

DMA1_CH0_IRQHandler 00000012

Symbol: DMA1_CH0_IRQHandler
   Definitions
      At line 203 in file _0sys\startup_es32f0283.s
   Uses
      At line 89 in file _0sys\startup_es32f0283.s
      At line 168 in file _0sys\startup_es32f0283.s

DMA1_CH12_IRQHandler 00000012

Symbol: DMA1_CH12_IRQHandler
   Definitions
      At line 204 in file _0sys\startup_es32f0283.s
   Uses
      At line 90 in file _0sys\startup_es32f0283.s
      At line 169 in file _0sys\startup_es32f0283.s

DMA1_CH345_IRQHandler 00000012

Symbol: DMA1_CH345_IRQHandler
   Definitions
      At line 205 in file _0sys\startup_es32f0283.s
   Uses



ARM Macro Assembler    Page 2 Alphabetic symbol ordering
Relocatable symbols

      At line 91 in file _0sys\startup_es32f0283.s
      At line 170 in file _0sys\startup_es32f0283.s

Default_Handler 00000012

Symbol: Default_Handler
   Definitions
      At line 155 in file _0sys\startup_es32f0283.s
   Uses
      None
Comment: Default_Handler unused
EXTI_0to1_IRQHandler 00000012

Symbol: EXTI_0to1_IRQHandler
   Definitions
      At line 199 in file _0sys\startup_es32f0283.s
   Uses
      At line 85 in file _0sys\startup_es32f0283.s
      At line 164 in file _0sys\startup_es32f0283.s

EXTI_2to3_IRQHandler 00000012

Symbol: EXTI_2to3_IRQHandler
   Definitions
      At line 200 in file _0sys\startup_es32f0283.s
   Uses
      At line 86 in file _0sys\startup_es32f0283.s
      At line 165 in file _0sys\startup_es32f0283.s

EXTI_4to15_IRQHandler 00000012

Symbol: EXTI_4to15_IRQHandler
   Definitions
      At line 201 in file _0sys\startup_es32f0283.s
   Uses
      At line 87 in file _0sys\startup_es32f0283.s
      At line 166 in file _0sys\startup_es32f0283.s

GP16C2T1_IRQHandler 00000012

Symbol: GP16C2T1_IRQHandler
   Definitions
      At line 213 in file _0sys\startup_es32f0283.s
   Uses
      At line 99 in file _0sys\startup_es32f0283.s
      At line 178 in file _0sys\startup_es32f0283.s

GP16C2T2_IRQHandler 00000012

Symbol: GP16C2T2_IRQHandler
   Definitions
      At line 214 in file _0sys\startup_es32f0283.s
   Uses
      At line 100 in file _0sys\startup_es32f0283.s
      At line 179 in file _0sys\startup_es32f0283.s

GP16C2T3_IRQHandler 00000012

Symbol: GP16C2T3_IRQHandler



ARM Macro Assembler    Page 3 Alphabetic symbol ordering
Relocatable symbols

   Definitions
      At line 215 in file _0sys\startup_es32f0283.s
   Uses
      At line 101 in file _0sys\startup_es32f0283.s
      At line 180 in file _0sys\startup_es32f0283.s

GP16C2T4_IRQHandler 00000012

Symbol: GP16C2T4_IRQHandler
   Definitions
      At line 216 in file _0sys\startup_es32f0283.s
   Uses
      At line 102 in file _0sys\startup_es32f0283.s
      At line 181 in file _0sys\startup_es32f0283.s

GP16C4T1_IRQHandler 00000012

Symbol: GP16C4T1_IRQHandler
   Definitions
      At line 210 in file _0sys\startup_es32f0283.s
   Uses
      At line 96 in file _0sys\startup_es32f0283.s
      At line 175 in file _0sys\startup_es32f0283.s

GP16C4T2_IRQHandler 00000012

Symbol: GP16C4T2_IRQHandler
   Definitions
      At line 211 in file _0sys\startup_es32f0283.s
   Uses
      At line 97 in file _0sys\startup_es32f0283.s
      At line 176 in file _0sys\startup_es32f0283.s

GP16C4T3_IRQHandler 00000012

Symbol: GP16C4T3_IRQHandler
   Definitions
      At line 212 in file _0sys\startup_es32f0283.s
   Uses
      At line 98 in file _0sys\startup_es32f0283.s
      At line 177 in file _0sys\startup_es32f0283.s

GP32C4T1_IRQHandler 00000012

Symbol: GP32C4T1_IRQHandler
   Definitions
      At line 209 in file _0sys\startup_es32f0283.s
   Uses
      At line 95 in file _0sys\startup_es32f0283.s
      At line 174 in file _0sys\startup_es32f0283.s

HARDFAULT_Handler 0000000A

Symbol: HARDFAULT_Handler
   Definitions
      At line 135 in file _0sys\startup_es32f0283.s
   Uses
      At line 67 in file _0sys\startup_es32f0283.s
      At line 136 in file _0sys\startup_es32f0283.s



ARM Macro Assembler    Page 4 Alphabetic symbol ordering
Relocatable symbols


I2C1_IRQHandler 00000012

Symbol: I2C1_IRQHandler
   Definitions
      At line 217 in file _0sys\startup_es32f0283.s
   Uses
      At line 103 in file _0sys\startup_es32f0283.s
      At line 182 in file _0sys\startup_es32f0283.s

I2C2_IRQHandler 00000012

Symbol: I2C2_IRQHandler
   Definitions
      At line 218 in file _0sys\startup_es32f0283.s
   Uses
      At line 104 in file _0sys\startup_es32f0283.s
      At line 183 in file _0sys\startup_es32f0283.s

NMI_Handler 00000008

Symbol: NMI_Handler
   Definitions
      At line 131 in file _0sys\startup_es32f0283.s
   Uses
      At line 66 in file _0sys\startup_es32f0283.s
      At line 132 in file _0sys\startup_es32f0283.s

PENDSV_Handler 0000000E

Symbol: PENDSV_Handler
   Definitions
      At line 146 in file _0sys\startup_es32f0283.s
   Uses
      At line 78 in file _0sys\startup_es32f0283.s
      At line 147 in file _0sys\startup_es32f0283.s

PVD_IRQHandler 00000012

Symbol: PVD_IRQHandler
   Definitions
      At line 195 in file _0sys\startup_es32f0283.s
   Uses
      At line 81 in file _0sys\startup_es32f0283.s
      At line 160 in file _0sys\startup_es32f0283.s

RCU_CSU_IRQHandler 00000012

Symbol: RCU_CSU_IRQHandler
   Definitions
      At line 198 in file _0sys\startup_es32f0283.s
   Uses
      At line 84 in file _0sys\startup_es32f0283.s
      At line 163 in file _0sys\startup_es32f0283.s

RTC_IRQHandler 00000012

Symbol: RTC_IRQHandler
   Definitions



ARM Macro Assembler    Page 5 Alphabetic symbol ordering
Relocatable symbols

      At line 196 in file _0sys\startup_es32f0283.s
   Uses
      At line 82 in file _0sys\startup_es32f0283.s
      At line 161 in file _0sys\startup_es32f0283.s

Reset_Handler 00000000

Symbol: Reset_Handler
   Definitions
      At line 119 in file _0sys\startup_es32f0283.s
   Uses
      At line 65 in file _0sys\startup_es32f0283.s
      At line 120 in file _0sys\startup_es32f0283.s

SPI1_IRQHandler 00000012

Symbol: SPI1_IRQHandler
   Definitions
      At line 219 in file _0sys\startup_es32f0283.s
   Uses
      At line 105 in file _0sys\startup_es32f0283.s
      At line 184 in file _0sys\startup_es32f0283.s

SPI2_IRQHandler 00000012

Symbol: SPI2_IRQHandler
   Definitions
      At line 220 in file _0sys\startup_es32f0283.s
   Uses
      At line 106 in file _0sys\startup_es32f0283.s
      At line 185 in file _0sys\startup_es32f0283.s

SPI3_IRQHandler 00000012

Symbol: SPI3_IRQHandler
   Definitions
      At line 202 in file _0sys\startup_es32f0283.s
   Uses
      At line 88 in file _0sys\startup_es32f0283.s
      At line 167 in file _0sys\startup_es32f0283.s

SVC_Handler 0000000C

Symbol: SVC_Handler
   Definitions
      At line 141 in file _0sys\startup_es32f0283.s
   Uses
      At line 75 in file _0sys\startup_es32f0283.s
      At line 142 in file _0sys\startup_es32f0283.s

SYSTICK_Handler 00000010

Symbol: SYSTICK_Handler
   Definitions
      At line 150 in file _0sys\startup_es32f0283.s
   Uses
      At line 79 in file _0sys\startup_es32f0283.s
      At line 151 in file _0sys\startup_es32f0283.s




ARM Macro Assembler    Page 6 Alphabetic symbol ordering
Relocatable symbols

UART1_IRQHandler 00000012

Symbol: UART1_IRQHandler
   Definitions
      At line 221 in file _0sys\startup_es32f0283.s
   Uses
      At line 107 in file _0sys\startup_es32f0283.s
      At line 186 in file _0sys\startup_es32f0283.s

UART2_IRQHandler 00000012

Symbol: UART2_IRQHandler
   Definitions
      At line 222 in file _0sys\startup_es32f0283.s
   Uses
      At line 108 in file _0sys\startup_es32f0283.s
      At line 187 in file _0sys\startup_es32f0283.s

UART3_AES_IRQHandler 00000012

Symbol: UART3_AES_IRQHandler
   Definitions
      At line 223 in file _0sys\startup_es32f0283.s
   Uses
      At line 109 in file _0sys\startup_es32f0283.s
      At line 188 in file _0sys\startup_es32f0283.s

UART4_KBCU_IRQHandler 00000012

Symbol: UART4_KBCU_IRQHandler
   Definitions
      At line 224 in file _0sys\startup_es32f0283.s
   Uses
      At line 110 in file _0sys\startup_es32f0283.s
      At line 189 in file _0sys\startup_es32f0283.s

USB_IRQHandler 00000012

Symbol: USB_IRQHandler
   Definitions
      At line 225 in file _0sys\startup_es32f0283.s
   Uses
      At line 111 in file _0sys\startup_es32f0283.s
      At line 190 in file _0sys\startup_es32f0283.s

WAKEUP_IRQHandler 00000012

Symbol: WAKEUP_IRQHandler
   Definitions
      At line 197 in file _0sys\startup_es32f0283.s
   Uses
      At line 83 in file _0sys\startup_es32f0283.s
      At line 162 in file _0sys\startup_es32f0283.s

WWDT_IRQHandler 00000012

Symbol: WWDT_IRQHandler
   Definitions
      At line 194 in file _0sys\startup_es32f0283.s



ARM Macro Assembler    Page 7 Alphabetic symbol ordering
Relocatable symbols

   Uses
      At line 80 in file _0sys\startup_es32f0283.s
      At line 159 in file _0sys\startup_es32f0283.s

__user_initial_stackheap 00000014

Symbol: __user_initial_stackheap
   Definitions
      At line 246 in file _0sys\startup_es32f0283.s
   Uses
      At line 244 in file _0sys\startup_es32f0283.s
Comment: __user_initial_stackheap used once
41 symbols



ARM Macro Assembler    Page 1 Alphabetic symbol ordering
Absolute symbols

Heap_Size 00000000

Symbol: Heap_Size
   Definitions
      At line 46 in file _0sys\startup_es32f0283.s
   Uses
      At line 50 in file _0sys\startup_es32f0283.s
      At line 250 in file _0sys\startup_es32f0283.s

Stack_Size 00000400

Symbol: Stack_Size
   Definitions
      At line 35 in file _0sys\startup_es32f0283.s
   Uses
      At line 38 in file _0sys\startup_es32f0283.s
      At line 249 in file _0sys\startup_es32f0283.s

2 symbols



ARM Macro Assembler    Page 1 Alphabetic symbol ordering
External symbols

SystemInit 00000000

Symbol: SystemInit
   Definitions
      At line 122 in file _0sys\startup_es32f0283.s
   Uses
      At line 123 in file _0sys\startup_es32f0283.s
Comment: SystemInit used once
__main 00000000

Symbol: __main
   Definitions
      At line 121 in file _0sys\startup_es32f0283.s
   Uses
      At line 125 in file _0sys\startup_es32f0283.s
Comment: __main used once
__use_two_region_memory 00000000

Symbol: __use_two_region_memory
   Definitions
      At line 243 in file _0sys\startup_es32f0283.s
   Uses
      None
Comment: __use_two_region_memory unused
3 symbols
391 symbols in table
